<?xml version="1.0" encoding="UTF-8"?>
<testng-results ignored="0" total="1" passed="1" failed="0" skipped="0">
  <reporter-output>
  </reporter-output>
  <suite started-at="2025-12-08T20:19:06 IST" name="Default suite" finished-at="2025-12-08T20:19:21 IST" duration-ms="14091">
    <groups>
    </groups>
    <test started-at="2025-12-08T20:19:06 IST" name="Default test" finished-at="2025-12-08T20:19:21 IST" duration-ms="14091">
      <class name="testpckg.PurplleTest">
        <test-method is-config="true" signature="setUp()[pri:0, instance:testpckg.PurplleTest@5aa9e4eb]" started-at="2025-12-08T20:19:06 IST" name="setUp" finished-at="2025-12-08T20:19:13 IST" duration-ms="6122" status="PASS">
          <reporter-output>
          </reporter-output>
        </test-method> <!-- setUp -->
        <test-method signature="testMenu()[pri:0, instance:testpckg.PurplleTest@5aa9e4eb]" started-at="2025-12-08T20:19:13 IST" name="testMenu" finished-at="2025-12-08T20:19:21 IST" duration-ms="7909" status="PASS">
          <reporter-output>
          </reporter-output>
        </test-method> <!-- testMenu -->
      </class> <!-- testpckg.PurplleTest -->
    </test> <!-- Default test -->
  </suite> <!-- Default suite -->
</testng-results>
